[debug] [2025-09-29T04:19:32.012Z] ----------------------------------------------------------------------
[debug] [2025-09-29T04:19:32.014Z] Command:       C:\Program Files\nodejs\node.exe C:\Users\ASUS\AppData\Roaming\npm\node_modules\firebase-tools\lib\bin\firebase.js emulators:start
[debug] [2025-09-29T04:19:32.015Z] CLI Version:   14.17.0
[debug] [2025-09-29T04:19:32.015Z] Platform:      win32
[debug] [2025-09-29T04:19:32.015Z] Node Version:  v22.17.0
[debug] [2025-09-29T04:19:32.015Z] Time:          Mon Sep 29 2025 11:19:32 GMT+0700 (Indochina Time)
[debug] [2025-09-29T04:19:32.015Z] ----------------------------------------------------------------------
[debug] 
[debug] [2025-09-29T04:19:32.273Z] > command requires scopes: ["email","openid","https://www.googleapis.com/auth/cloudplatformprojects.readonly","https://www.googleapis.com/auth/firebase","https://www.googleapis.com/auth/cloud-platform"]
[debug] [2025-09-29T04:19:32.274Z] > authorizing via signed-in user (despacitovv@gmail.com)
[debug] [2025-09-29T04:19:32.565Z] java version "17.0.12" 2024-07-16 LTS

[debug] [2025-09-29T04:19:32.565Z] Java(TM) SE Runtime Environment (build 17.0.12+8-LTS-286)
Java HotSpot(TM) 64-Bit Server VM (build 17.0.12+8-LTS-286, mixed mode, sharing)

[debug] [2025-09-29T04:19:32.578Z] Parsed Java major version: 17
[info] i  emulators: Starting emulators: auth, firestore {"metadata":{"emulator":{"name":"hub"},"message":"Starting emulators: auth, firestore"}}
[debug] [2025-09-29T04:19:32.594Z] [logging] Logging Emulator only supports listening on one address (127.0.0.1). Not listening on ::1
[debug] [2025-09-29T04:19:32.594Z] [auth] Authentication Emulator only supports listening on one address (127.0.0.1). Not listening on ::1
[debug] [2025-09-29T04:19:32.594Z] [firestore] Firestore Emulator only supports listening on one address (127.0.0.1). Not listening on ::1
[debug] [2025-09-29T04:19:32.594Z] [firestore.websocket] websocket server for firestore only supports listening on one address (127.0.0.1). Not listening on ::1
[debug] [2025-09-29T04:19:32.594Z] assigned listening specs for emulators {"user":{"hub":[{"address":"127.0.0.1","family":"IPv4","port":4400},{"address":"::1","family":"IPv6","port":4400}],"ui":[{"address":"127.0.0.1","family":"IPv4","port":4000},{"address":"::1","family":"IPv6","port":4000}],"logging":[{"address":"127.0.0.1","family":"IPv4","port":4500}],"auth":[{"address":"127.0.0.1","family":"IPv4","port":9099}],"firestore":[{"address":"127.0.0.1","family":"IPv4","port":8080}],"firestore.websocket":[{"address":"127.0.0.1","family":"IPv4","port":9150}]},"metadata":{"message":"assigned listening specs for emulators"}}
[debug] [2025-09-29T04:19:32.599Z] Emulator locator file path: C:\Users\ASUS\AppData\Local\Temp\hub-nextjs-60029.json
[debug] [2025-09-29T04:19:32.599Z] [hub] writing locator at C:\Users\ASUS\AppData\Local\Temp\hub-nextjs-60029.json
[warn] !  firestore: Cloud Firestore Emulator does not support multiple databases yet. {"metadata":{"emulator":{"name":"firestore"},"message":"Cloud Firestore Emulator does not support multiple databases yet."}}
[warn] !  firestore: Did not find a Cloud Firestore rules file specified in a firebase.json config file. {"metadata":{"emulator":{"name":"firestore"},"message":"Did not find a Cloud Firestore rules file specified in a firebase.json config file."}}
[warn] !  firestore: The emulator will default to allowing all reads and writes. Learn more about this option: https://firebase.google.com/docs/emulator-suite/install_and_configure#security_rules_configuration. {"metadata":{"emulator":{"name":"firestore"},"message":"The emulator will default to allowing all reads and writes. Learn more about this option: https://firebase.google.com/docs/emulator-suite/install_and_configure#security_rules_configuration."}}
[debug] [2025-09-29T04:19:32.611Z] Ignoring unsupported arg: auto_download {"metadata":{"emulator":{"name":"firestore"},"message":"Ignoring unsupported arg: auto_download"}}
[debug] [2025-09-29T04:19:32.611Z] Ignoring unsupported arg: single_project_mode_error {"metadata":{"emulator":{"name":"firestore"},"message":"Ignoring unsupported arg: single_project_mode_error"}}
[debug] [2025-09-29T04:19:32.611Z] Starting Firestore Emulator with command {"binary":"java","args":["-Dgoogle.cloud_firestore.debug_log_level=FINE","-Duser.language=en","-jar","C:\\Users\\ASUS\\.cache\\firebase\\emulators\\cloud-firestore-emulator-v1.19.8.jar","--host","127.0.0.1","--port",8080,"--websocket_port",9150,"--project_id","nextjs-60029","--single_project_mode",true],"optionalArgs":["port","webchannel_port","host","rules","websocket_port","functions_emulator","seed_from_export","project_id","single_project_mode"],"joinArgs":false,"shell":false,"port":8080} {"metadata":{"emulator":{"name":"firestore"},"message":"Starting Firestore Emulator with command {\"binary\":\"java\",\"args\":[\"-Dgoogle.cloud_firestore.debug_log_level=FINE\",\"-Duser.language=en\",\"-jar\",\"C:\\\\Users\\\\ASUS\\\\.cache\\\\firebase\\\\emulators\\\\cloud-firestore-emulator-v1.19.8.jar\",\"--host\",\"127.0.0.1\",\"--port\",8080,\"--websocket_port\",9150,\"--project_id\",\"nextjs-60029\",\"--single_project_mode\",true],\"optionalArgs\":[\"port\",\"webchannel_port\",\"host\",\"rules\",\"websocket_port\",\"functions_emulator\",\"seed_from_export\",\"project_id\",\"single_project_mode\"],\"joinArgs\":false,\"shell\":false,\"port\":8080}"}}
[info] i  firestore: Firestore Emulator logging to firestore-debug.log {"metadata":{"emulator":{"name":"firestore"},"message":"Firestore Emulator logging to \u001b[1mfirestore-debug.log\u001b[22m"}}
[info] +  firestore: Firestore Emulator UI websocket is running on 9150. {"metadata":{"emulator":{"name":"firestore"},"message":"Firestore Emulator UI websocket is running on 9150."}}
[info] i  ui: downloading ui-v1.15.0.zip... {"metadata":{"emulator":{"name":"ui"},"message":"downloading ui-v1.15.0.zip..."}}
[debug] [2025-09-29T04:19:42.363Z] >>> [apiv2][query] GET https://storage.googleapis.com/firebase-preview-drop/emulator/ui-v1.15.0.zip 
[debug] [2025-09-29T04:19:42.525Z] <<< [apiv2][status] GET https://storage.googleapis.com/firebase-preview-drop/emulator/ui-v1.15.0.zip 200
[debug] [2025-09-29T04:19:42.526Z] <<< [apiv2][body] GET https://storage.googleapis.com/firebase-preview-drop/emulator/ui-v1.15.0.zip [stream]
[debug] [2025-09-29T04:19:43.073Z] Data is 3538469
[debug] [2025-09-29T04:19:43.073Z] [unzip] Entry: client/ (compressed_size=0 bytes, uncompressed_size=0 bytes)
[debug] [2025-09-29T04:19:43.073Z] [unzip] Processing entry: client\
[debug] [2025-09-29T04:19:43.073Z] [unzip] mkdir: C:\Users\ASUS\.cache\firebase\emulators\ui-v1.15.0\client\
[debug] [2025-09-29T04:19:43.075Z] [unzip] Entry: client/favicon-16x16.png (compressed_size=293 bytes, uncompressed_size=293 bytes)
[debug] [2025-09-29T04:19:43.076Z] [unzip] Processing entry: client\favicon-16x16.png
[debug] [2025-09-29T04:19:43.076Z] [unzip] else mkdir: C:\Users\ASUS\.cache\firebase\emulators\ui-v1.15.0\client
[debug] [2025-09-29T04:19:43.076Z] [unzip] Writing file: C:\Users\ASUS\.cache\firebase\emulators\ui-v1.15.0\client\favicon-16x16.png
[debug] [2025-09-29T04:19:43.079Z] [unzip] Entry: client/safari-pinned-tab.svg (compressed_size=1433 bytes, uncompressed_size=2611 bytes)
[debug] [2025-09-29T04:19:43.079Z] [unzip] Processing entry: client\safari-pinned-tab.svg
[debug] [2025-09-29T04:19:43.079Z] [unzip] else mkdir: C:\Users\ASUS\.cache\firebase\emulators\ui-v1.15.0\client
[debug] [2025-09-29T04:19:43.080Z] [unzip] deflating: C:\Users\ASUS\.cache\firebase\emulators\ui-v1.15.0\client\safari-pinned-tab.svg
[debug] [2025-09-29T04:19:43.093Z] [unzip] Entry: client/favicon.ico (compressed_size=2933 bytes, uncompressed_size=13294 bytes)
[debug] [2025-09-29T04:19:43.093Z] [unzip] Processing entry: client\favicon.ico
[debug] [2025-09-29T04:19:43.093Z] [unzip] else mkdir: C:\Users\ASUS\.cache\firebase\emulators\ui-v1.15.0\client
[debug] [2025-09-29T04:19:43.094Z] [unzip] deflating: C:\Users\ASUS\.cache\firebase\emulators\ui-v1.15.0\client\favicon.ico
[debug] [2025-09-29T04:19:43.097Z] [unzip] Entry: client/index.html (compressed_size=1364 bytes, uncompressed_size=3071 bytes)
[debug] [2025-09-29T04:19:43.097Z] [unzip] Processing entry: client\index.html
[debug] [2025-09-29T04:19:43.097Z] [unzip] else mkdir: C:\Users\ASUS\.cache\firebase\emulators\ui-v1.15.0\client
[debug] [2025-09-29T04:19:43.097Z] [unzip] deflating: C:\Users\ASUS\.cache\firebase\emulators\ui-v1.15.0\client\index.html
[debug] [2025-09-29T04:19:43.099Z] [unzip] Entry: client/android-chrome-192x192.png (compressed_size=2684 bytes, uncompressed_size=2684 bytes)
[debug] [2025-09-29T04:19:43.099Z] [unzip] Processing entry: client\android-chrome-192x192.png
[debug] [2025-09-29T04:19:43.099Z] [unzip] else mkdir: C:\Users\ASUS\.cache\firebase\emulators\ui-v1.15.0\client
[debug] [2025-09-29T04:19:43.099Z] [unzip] Writing file: C:\Users\ASUS\.cache\firebase\emulators\ui-v1.15.0\client\android-chrome-192x192.png
[debug] [2025-09-29T04:19:43.101Z] [unzip] Entry: client/apple-touch-icon.png (compressed_size=2123 bytes, uncompressed_size=2152 bytes)
[debug] [2025-09-29T04:19:43.101Z] [unzip] Processing entry: client\apple-touch-icon.png
[debug] [2025-09-29T04:19:43.101Z] [unzip] else mkdir: C:\Users\ASUS\.cache\firebase\emulators\ui-v1.15.0\client
[debug] [2025-09-29T04:19:43.101Z] [unzip] deflating: C:\Users\ASUS\.cache\firebase\emulators\ui-v1.15.0\client\apple-touch-icon.png
[debug] [2025-09-29T04:19:43.104Z] [unzip] Entry: client/android-chrome-512x512.png (compressed_size=5369 bytes, uncompressed_size=5411 bytes)
[debug] [2025-09-29T04:19:43.104Z] [unzip] Processing entry: client\android-chrome-512x512.png
[debug] [2025-09-29T04:19:43.104Z] [unzip] else mkdir: C:\Users\ASUS\.cache\firebase\emulators\ui-v1.15.0\client
[debug] [2025-09-29T04:19:43.104Z] [unzip] deflating: C:\Users\ASUS\.cache\firebase\emulators\ui-v1.15.0\client\android-chrome-512x512.png
[debug] [2025-09-29T04:19:43.106Z] [unzip] Entry: client/manifest.json (compressed_size=245 bytes, uncompressed_size=551 bytes)
[debug] [2025-09-29T04:19:43.106Z] [unzip] Processing entry: client\manifest.json
[debug] [2025-09-29T04:19:43.106Z] [unzip] else mkdir: C:\Users\ASUS\.cache\firebase\emulators\ui-v1.15.0\client
[debug] [2025-09-29T04:19:43.106Z] [unzip] deflating: C:\Users\ASUS\.cache\firebase\emulators\ui-v1.15.0\client\manifest.json
[debug] [2025-09-29T04:19:43.109Z] [unzip] Entry: client/robots.txt (compressed_size=26 bytes, uncompressed_size=26 bytes)
[debug] [2025-09-29T04:19:43.109Z] [unzip] Processing entry: client\robots.txt
[debug] [2025-09-29T04:19:43.109Z] [unzip] else mkdir: C:\Users\ASUS\.cache\firebase\emulators\ui-v1.15.0\client
[debug] [2025-09-29T04:19:43.109Z] [unzip] Writing file: C:\Users\ASUS\.cache\firebase\emulators\ui-v1.15.0\client\robots.txt
[debug] [2025-09-29T04:19:43.111Z] [unzip] Entry: client/mstile-150x150.png (compressed_size=2034 bytes, uncompressed_size=2034 bytes)
[debug] [2025-09-29T04:19:43.112Z] [unzip] Processing entry: client\mstile-150x150.png
[debug] [2025-09-29T04:19:43.112Z] [unzip] else mkdir: C:\Users\ASUS\.cache\firebase\emulators\ui-v1.15.0\client
[debug] [2025-09-29T04:19:43.112Z] [unzip] Writing file: C:\Users\ASUS\.cache\firebase\emulators\ui-v1.15.0\client\mstile-150x150.png
[debug] [2025-09-29T04:19:43.113Z] [unzip] Entry: client/assets/ (compressed_size=0 bytes, uncompressed_size=0 bytes)
[debug] [2025-09-29T04:19:43.114Z] [unzip] Processing entry: client\assets\
[debug] [2025-09-29T04:19:43.114Z] [unzip] mkdir: C:\Users\ASUS\.cache\firebase\emulators\ui-v1.15.0\client\assets\
[debug] [2025-09-29T04:19:43.114Z] [unzip] Entry: client/assets/index-BX-A56oj.js (compressed_size=582089 bytes, uncompressed_size=2092775 bytes)
[debug] [2025-09-29T04:19:43.115Z] [unzip] Processing entry: client\assets\index-BX-A56oj.js
[debug] [2025-09-29T04:19:43.115Z] [unzip] else mkdir: C:\Users\ASUS\.cache\firebase\emulators\ui-v1.15.0\client\assets
[debug] [2025-09-29T04:19:43.115Z] [unzip] deflating: C:\Users\ASUS\.cache\firebase\emulators\ui-v1.15.0\client\assets\index-BX-A56oj.js
[debug] [2025-09-29T04:19:43.135Z] [unzip] Entry: client/assets/index-CjB9C900.css (compressed_size=35979 bytes, uncompressed_size=298654 bytes)
[debug] [2025-09-29T04:19:43.135Z] [unzip] Processing entry: client\assets\index-CjB9C900.css
[debug] [2025-09-29T04:19:43.135Z] [unzip] else mkdir: C:\Users\ASUS\.cache\firebase\emulators\ui-v1.15.0\client\assets
[debug] [2025-09-29T04:19:43.136Z] [unzip] deflating: C:\Users\ASUS\.cache\firebase\emulators\ui-v1.15.0\client\assets\index-CjB9C900.css
[debug] [2025-09-29T04:19:43.140Z] [unzip] Entry: client/assets/index-BX-A56oj.js.map (compressed_size=2362482 bytes, uncompressed_size=10036679 bytes)
[debug] [2025-09-29T04:19:43.141Z] [unzip] Processing entry: client\assets\index-BX-A56oj.js.map
[debug] [2025-09-29T04:19:43.141Z] [unzip] else mkdir: C:\Users\ASUS\.cache\firebase\emulators\ui-v1.15.0\client\assets
[debug] [2025-09-29T04:19:43.141Z] [unzip] deflating: C:\Users\ASUS\.cache\firebase\emulators\ui-v1.15.0\client\assets\index-BX-A56oj.js.map
[debug] [2025-09-29T04:19:43.190Z] [unzip] Entry: client/assets/extensions/ (compressed_size=0 bytes, uncompressed_size=0 bytes)
[debug] [2025-09-29T04:19:43.190Z] [unzip] Processing entry: client\assets\extensions\
[debug] [2025-09-29T04:19:43.190Z] [unzip] mkdir: C:\Users\ASUS\.cache\firebase\emulators\ui-v1.15.0\client\assets\extensions\
[debug] [2025-09-29T04:19:43.191Z] [unzip] Entry: client/assets/extensions/default-extension.png (compressed_size=1646 bytes, uncompressed_size=1657 bytes)
[debug] [2025-09-29T04:19:43.191Z] [unzip] Processing entry: client\assets\extensions\default-extension.png
[debug] [2025-09-29T04:19:43.191Z] [unzip] else mkdir: C:\Users\ASUS\.cache\firebase\emulators\ui-v1.15.0\client\assets\extensions
[debug] [2025-09-29T04:19:43.191Z] [unzip] deflating: C:\Users\ASUS\.cache\firebase\emulators\ui-v1.15.0\client\assets\extensions\default-extension.png
[debug] [2025-09-29T04:19:43.193Z] [unzip] Entry: client/assets/img/ (compressed_size=0 bytes, uncompressed_size=0 bytes)
[debug] [2025-09-29T04:19:43.193Z] [unzip] Processing entry: client\assets\img\
[debug] [2025-09-29T04:19:43.193Z] [unzip] mkdir: C:\Users\ASUS\.cache\firebase\emulators\ui-v1.15.0\client\assets\img\
[debug] [2025-09-29T04:19:43.194Z] [unzip] Entry: client/assets/img/database.png (compressed_size=29449 bytes, uncompressed_size=29988 bytes)
[debug] [2025-09-29T04:19:43.194Z] [unzip] Processing entry: client\assets\img\database.png
[debug] [2025-09-29T04:19:43.194Z] [unzip] else mkdir: C:\Users\ASUS\.cache\firebase\emulators\ui-v1.15.0\client\assets\img
[debug] [2025-09-29T04:19:43.194Z] [unzip] deflating: C:\Users\ASUS\.cache\firebase\emulators\ui-v1.15.0\client\assets\img\database.png
[debug] [2025-09-29T04:19:43.195Z] [unzip] Entry: client/assets/provider-icons/ (compressed_size=0 bytes, uncompressed_size=0 bytes)
[debug] [2025-09-29T04:19:43.195Z] [unzip] Processing entry: client\assets\provider-icons\
[debug] [2025-09-29T04:19:43.195Z] [unzip] mkdir: C:\Users\ASUS\.cache\firebase\emulators\ui-v1.15.0\client\assets\provider-icons\
[debug] [2025-09-29T04:19:43.196Z] [unzip] Entry: client/assets/provider-icons/auth_service_saml.svg (compressed_size=575 bytes, uncompressed_size=1226 bytes)
[debug] [2025-09-29T04:19:43.196Z] [unzip] Processing entry: client\assets\provider-icons\auth_service_saml.svg
[debug] [2025-09-29T04:19:43.196Z] [unzip] else mkdir: C:\Users\ASUS\.cache\firebase\emulators\ui-v1.15.0\client\assets\provider-icons
[debug] [2025-09-29T04:19:43.196Z] [unzip] deflating: C:\Users\ASUS\.cache\firebase\emulators\ui-v1.15.0\client\assets\provider-icons\auth_service_saml.svg
[debug] [2025-09-29T04:19:43.197Z] [unzip] Entry: client/assets/provider-icons/auth_service_phone.svg (compressed_size=261 bytes, uncompressed_size=414 bytes)
[debug] [2025-09-29T04:19:43.197Z] [unzip] Processing entry: client\assets\provider-icons\auth_service_phone.svg
[debug] [2025-09-29T04:19:43.197Z] [unzip] else mkdir: C:\Users\ASUS\.cache\firebase\emulators\ui-v1.15.0\client\assets\provider-icons
[debug] [2025-09-29T04:19:43.198Z] [unzip] deflating: C:\Users\ASUS\.cache\firebase\emulators\ui-v1.15.0\client\assets\provider-icons\auth_service_phone.svg
[debug] [2025-09-29T04:19:43.199Z] [unzip] Entry: client/assets/provider-icons/auth_service_facebook.svg (compressed_size=289 bytes, uncompressed_size=457 bytes)
[debug] [2025-09-29T04:19:43.199Z] [unzip] Processing entry: client\assets\provider-icons\auth_service_facebook.svg
[debug] [2025-09-29T04:19:43.199Z] [unzip] else mkdir: C:\Users\ASUS\.cache\firebase\emulators\ui-v1.15.0\client\assets\provider-icons
[debug] [2025-09-29T04:19:43.200Z] [unzip] deflating: C:\Users\ASUS\.cache\firebase\emulators\ui-v1.15.0\client\assets\provider-icons\auth_service_facebook.svg
[debug] [2025-09-29T04:19:43.201Z] [unzip] Entry: client/assets/provider-icons/auth_service_game_center.svg (compressed_size=991 bytes, uncompressed_size=3921 bytes)
[debug] [2025-09-29T04:19:43.202Z] [unzip] Processing entry: client\assets\provider-icons\auth_service_game_center.svg
[debug] [2025-09-29T04:19:43.202Z] [unzip] else mkdir: C:\Users\ASUS\.cache\firebase\emulators\ui-v1.15.0\client\assets\provider-icons
[debug] [2025-09-29T04:19:43.202Z] [unzip] deflating: C:\Users\ASUS\.cache\firebase\emulators\ui-v1.15.0\client\assets\provider-icons\auth_service_game_center.svg
[debug] [2025-09-29T04:19:43.203Z] [unzip] Entry: client/assets/provider-icons/auth_service_apple.svg (compressed_size=230 bytes, uncompressed_size=334 bytes)
[debug] [2025-09-29T04:19:43.203Z] [unzip] Processing entry: client\assets\provider-icons\auth_service_apple.svg
[debug] [2025-09-29T04:19:43.203Z] [unzip] else mkdir: C:\Users\ASUS\.cache\firebase\emulators\ui-v1.15.0\client\assets\provider-icons
[debug] [2025-09-29T04:19:43.203Z] [unzip] deflating: C:\Users\ASUS\.cache\firebase\emulators\ui-v1.15.0\client\assets\provider-icons\auth_service_apple.svg
[debug] [2025-09-29T04:19:43.205Z] [unzip] Entry: client/assets/provider-icons/auth_service_github.svg (compressed_size=466 bytes, uncompressed_size=838 bytes)
[debug] [2025-09-29T04:19:43.205Z] [unzip] Processing entry: client\assets\provider-icons\auth_service_github.svg
[debug] [2025-09-29T04:19:43.205Z] [unzip] else mkdir: C:\Users\ASUS\.cache\firebase\emulators\ui-v1.15.0\client\assets\provider-icons
[debug] [2025-09-29T04:19:43.205Z] [unzip] deflating: C:\Users\ASUS\.cache\firebase\emulators\ui-v1.15.0\client\assets\provider-icons\auth_service_github.svg
[debug] [2025-09-29T04:19:43.206Z] [unzip] Entry: client/assets/provider-icons/auth_service_mslive.svg (compressed_size=203 bytes, uncompressed_size=378 bytes)
[debug] [2025-09-29T04:19:43.206Z] [unzip] Processing entry: client\assets\provider-icons\auth_service_mslive.svg
[debug] [2025-09-29T04:19:43.206Z] [unzip] else mkdir: C:\Users\ASUS\.cache\firebase\emulators\ui-v1.15.0\client\assets\provider-icons
[debug] [2025-09-29T04:19:43.207Z] [unzip] deflating: C:\Users\ASUS\.cache\firebase\emulators\ui-v1.15.0\client\assets\provider-icons\auth_service_mslive.svg
[debug] [2025-09-29T04:19:43.208Z] [unzip] Entry: client/assets/provider-icons/auth_service_yahoo.svg (compressed_size=577 bytes, uncompressed_size=1182 bytes)
[debug] [2025-09-29T04:19:43.208Z] [unzip] Processing entry: client\assets\provider-icons\auth_service_yahoo.svg
[debug] [2025-09-29T04:19:43.208Z] [unzip] else mkdir: C:\Users\ASUS\.cache\firebase\emulators\ui-v1.15.0\client\assets\provider-icons
[debug] [2025-09-29T04:19:43.208Z] [unzip] deflating: C:\Users\ASUS\.cache\firebase\emulators\ui-v1.15.0\client\assets\provider-icons\auth_service_yahoo.svg
[debug] [2025-09-29T04:19:43.209Z] [unzip] Entry: client/assets/provider-icons/auth_service_twitter.svg (compressed_size=444 bytes, uncompressed_size=751 bytes)
[debug] [2025-09-29T04:19:43.210Z] [unzip] Processing entry: client\assets\provider-icons\auth_service_twitter.svg
[debug] [2025-09-29T04:19:43.210Z] [unzip] else mkdir: C:\Users\ASUS\.cache\firebase\emulators\ui-v1.15.0\client\assets\provider-icons
[debug] [2025-09-29T04:19:43.210Z] [unzip] deflating: C:\Users\ASUS\.cache\firebase\emulators\ui-v1.15.0\client\assets\provider-icons\auth_service_twitter.svg
[debug] [2025-09-29T04:19:43.211Z] [unzip] Entry: client/assets/provider-icons/auth_service_play_games.svg (compressed_size=565 bytes, uncompressed_size=1173 bytes)
[debug] [2025-09-29T04:19:43.211Z] [unzip] Processing entry: client\assets\provider-icons\auth_service_play_games.svg
[debug] [2025-09-29T04:19:43.211Z] [unzip] else mkdir: C:\Users\ASUS\.cache\firebase\emulators\ui-v1.15.0\client\assets\provider-icons
[debug] [2025-09-29T04:19:43.211Z] [unzip] deflating: C:\Users\ASUS\.cache\firebase\emulators\ui-v1.15.0\client\assets\provider-icons\auth_service_play_games.svg
[debug] [2025-09-29T04:19:43.213Z] [unzip] Entry: client/assets/provider-icons/auth_service_email.svg (compressed_size=228 bytes, uncompressed_size=326 bytes)
[debug] [2025-09-29T04:19:43.213Z] [unzip] Processing entry: client\assets\provider-icons\auth_service_email.svg
[debug] [2025-09-29T04:19:43.213Z] [unzip] else mkdir: C:\Users\ASUS\.cache\firebase\emulators\ui-v1.15.0\client\assets\provider-icons
[debug] [2025-09-29T04:19:43.213Z] [unzip] deflating: C:\Users\ASUS\.cache\firebase\emulators\ui-v1.15.0\client\assets\provider-icons\auth_service_email.svg
[debug] [2025-09-29T04:19:43.216Z] [unzip] Entry: client/assets/provider-icons/auth_service_google.svg (compressed_size=409 bytes, uncompressed_size=720 bytes)
[debug] [2025-09-29T04:19:43.216Z] [unzip] Processing entry: client\assets\provider-icons\auth_service_google.svg
[debug] [2025-09-29T04:19:43.216Z] [unzip] else mkdir: C:\Users\ASUS\.cache\firebase\emulators\ui-v1.15.0\client\assets\provider-icons
[debug] [2025-09-29T04:19:43.216Z] [unzip] deflating: C:\Users\ASUS\.cache\firebase\emulators\ui-v1.15.0\client\assets\provider-icons\auth_service_google.svg
[debug] [2025-09-29T04:19:43.217Z] [unzip] Entry: client/assets/provider-icons/auth_service_oidc.svg (compressed_size=414 bytes, uncompressed_size=858 bytes)
[debug] [2025-09-29T04:19:43.218Z] [unzip] Processing entry: client\assets\provider-icons\auth_service_oidc.svg
[debug] [2025-09-29T04:19:43.218Z] [unzip] else mkdir: C:\Users\ASUS\.cache\firebase\emulators\ui-v1.15.0\client\assets\provider-icons
[debug] [2025-09-29T04:19:43.218Z] [unzip] deflating: C:\Users\ASUS\.cache\firebase\emulators\ui-v1.15.0\client\assets\provider-icons\auth_service_oidc.svg
[debug] [2025-09-29T04:19:43.219Z] [unzip] Entry: client/browserconfig.xml (compressed_size=491 bytes, uncompressed_size=822 bytes)
[debug] [2025-09-29T04:19:43.219Z] [unzip] Processing entry: client\browserconfig.xml
[debug] [2025-09-29T04:19:43.219Z] [unzip] else mkdir: C:\Users\ASUS\.cache\firebase\emulators\ui-v1.15.0\client
[debug] [2025-09-29T04:19:43.219Z] [unzip] deflating: C:\Users\ASUS\.cache\firebase\emulators\ui-v1.15.0\client\browserconfig.xml
[debug] [2025-09-29T04:19:43.221Z] [unzip] Entry: client/favicon-32x32.png (compressed_size=475 bytes, uncompressed_size=475 bytes)
[debug] [2025-09-29T04:19:43.221Z] [unzip] Processing entry: client\favicon-32x32.png
[debug] [2025-09-29T04:19:43.221Z] [unzip] else mkdir: C:\Users\ASUS\.cache\firebase\emulators\ui-v1.15.0\client
[debug] [2025-09-29T04:19:43.221Z] [unzip] Writing file: C:\Users\ASUS\.cache\firebase\emulators\ui-v1.15.0\client\favicon-32x32.png
[debug] [2025-09-29T04:19:43.222Z] [unzip] Entry: server/ (compressed_size=0 bytes, uncompressed_size=0 bytes)
[debug] [2025-09-29T04:19:43.222Z] [unzip] Processing entry: server\
[debug] [2025-09-29T04:19:43.222Z] [unzip] mkdir: C:\Users\ASUS\.cache\firebase\emulators\ui-v1.15.0\server\
[debug] [2025-09-29T04:19:43.222Z] [unzip] Entry: server/server.mjs.map (compressed_size=217845 bytes, uncompressed_size=944978 bytes)
[debug] [2025-09-29T04:19:43.222Z] [unzip] Processing entry: server\server.mjs.map
[debug] [2025-09-29T04:19:43.222Z] [unzip] else mkdir: C:\Users\ASUS\.cache\firebase\emulators\ui-v1.15.0\server
[debug] [2025-09-29T04:19:43.222Z] [unzip] deflating: C:\Users\ASUS\.cache\firebase\emulators\ui-v1.15.0\server\server.mjs.map
[debug] [2025-09-29T04:19:43.228Z] [unzip] Entry: server/server.mjs (compressed_size=276407 bytes, uncompressed_size=933701 bytes)
[debug] [2025-09-29T04:19:43.228Z] [unzip] Processing entry: server\server.mjs
[debug] [2025-09-29T04:19:43.228Z] [unzip] else mkdir: C:\Users\ASUS\.cache\firebase\emulators\ui-v1.15.0\server
[debug] [2025-09-29T04:19:43.228Z] [unzip] deflating: C:\Users\ASUS\.cache\firebase\emulators\ui-v1.15.0\server\server.mjs
[debug] [2025-09-29T04:19:43.243Z] Could not find VSCode notification endpoint: FetchError: request to http://localhost:40001/vscode/notify failed, reason: . If you are not running the Firebase Data Connect VSCode extension, this is expected and not an issue.
[info] 
┌─────────────────────────────────────────────────────────────┐
│ ✔  All emulators ready! It is now safe to connect your app. │
│ i  View Emulator UI at http://127.0.0.1:4000/               │
└─────────────────────────────────────────────────────────────┘

┌────────────────┬────────────────┬─────────────────────────────────┐
│ Emulator       │ Host:Port      │ View in Emulator UI             │
├────────────────┼────────────────┼─────────────────────────────────┤
│ Authentication │ 127.0.0.1:9099 │ http://127.0.0.1:4000/auth      │
├────────────────┼────────────────┼─────────────────────────────────┤
│ Firestore      │ 127.0.0.1:8080 │ http://127.0.0.1:4000/firestore │
└────────────────┴────────────────┴─────────────────────────────────┘
  Emulator Hub host: 127.0.0.1 port: 4400
  Other reserved ports: 4500, 9150

Issues? Report them at https://github.com/firebase/firebase-tools/issues and attach the *-debug.log files.
 
